[dotenv@17.3.1] injecting env (13) from ../.env -- tip: 🤖 agentic secret storage: https://dotenvx.com/as2
Allowing CORS from: http://localhost:5173
Server running on port 5001
MongoDB Connected: ac-nfjsr9k-shard-00-00.epguzno.mongodb.net
[0mPOST /api/upload/avatar [32m200[0m 7105.837 ms - 108[0m
[0mPUT /api/auth/profile [32m200[0m 117.039 ms - 218[0m
[0mGET /api/auth/google [36m302[0m 3.959 ms - 0[0m
[0mGET /api/auth/google/callback?iss=https%3A%2F%2Faccounts.google.com&code=4%2F0Aci98E9CueLav3_wgB-wmu7pYLGF_8Wfk7r1W_Tvr3NwHKoqaF-RfG9AiLP-Lgu6iv-SKg&scope=email+profile+https%3A%2F%2Fwww.googleapis.com%2Fauth%2Fuserinfo.profile+https%3A%2F%2Fwww.googleapis.com%2Fauth%2Fuserinfo.email+openid&authuser=0&prompt=consent [36m302[0m 464.821 ms - 234[0m
[0mGET /api/auth/profile [32m200[0m 153.301 ms - 104[0m
[0mGET /api/auth/profile [36m304[0m 76.515 ms - -[0m
[0mGET /api/workshops [32m200[0m 432.873 ms - 2242[0m
[0mGET /api/workshops [36m304[0m 75.547 ms - -[0m
[0mGET /api/workshops [36m304[0m 145.193 ms - -[0m
[0mGET /api/workshops [36m304[0m 77.370 ms - -[0m
[0mGET /api/workshops [36m304[0m 70.553 ms - -[0m
[0mGET /api/auth/users/count [32m200[0m 72.460 ms - 11[0m
[0mGET /api/bookings [32m200[0m 102.236 ms - 293[0m
[0mGET /api/auth/users/count [36m304[0m 72.382 ms - -[0m
[0mGET /api/bookings/mybookings [32m200[0m 100.542 ms - 230[0m
[0mGET /api/bookings [36m304[0m 107.011 ms - -[0m
[0mGET /api/workshops [36m304[0m 472.256 ms - -[0m
[0mGET /api/bookings/mybookings [36m304[0m 119.734 ms - -[0m
[0mGET /api/workshops [36m304[0m 98.288 ms - -[0m
[0mGET /api/workshops [36m304[0m 147.931 ms - -[0m
[0mGET /api/workshops [36m304[0m 78.141 ms - -[0m
[0mGET /api/workshops [36m304[0m 74.877 ms - -[0m
[0mGET /api/workshops [36m304[0m 200.304 ms - -[0m
[0mGET /api/auth/users/count [36m304[0m 137.831 ms - -[0m
[0mGET /api/bookings [36m304[0m 207.283 ms - -[0m
[0mGET /api/auth/users/count [36m304[0m 72.623 ms - -[0m
[0mGET /api/workshops [36m304[0m 80.049 ms - -[0m
[0mGET /api/bookings/mybookings [36m304[0m 98.102 ms - -[0m
[0mGET /api/bookings [36m304[0m 103.580 ms - -[0m
[0mGET /api/bookings/mybookings [36m304[0m 124.632 ms - -[0m
[0mGET /api/workshops [36m304[0m 75.440 ms - -[0m
[0mGET /api/auth/users/count [36m304[0m 77.452 ms - -[0m
[0mGET /api/bookings [36m304[0m 193.853 ms - -[0m
[0mGET /api/bookings/mybookings [36m304[0m 218.745 ms - -[0m
[0mGET /api/workshops [36m304[0m 167.274 ms - -[0m
[0mGET /api/auth/users/count [36m304[0m 168.184 ms - -[0m
[0mGET /api/bookings [36m304[0m 228.514 ms - -[0m
[0mGET /api/bookings/mybookings [36m304[0m 140.314 ms - -[0m
[0mGET /api/auth/users/count [36m304[0m 220.638 ms - -[0m
[0mGET /api/workshops [36m304[0m 270.163 ms - -[0m
[0mGET /api/bookings [36m304[0m 400.150 ms - -[0m
[0mGET /api/bookings/mybookings [36m304[0m 242.869 ms - -[0m
[0mGET /api/auth/users/count [36m304[0m 68.672 ms - -[0m
[0mGET /api/workshops [36m304[0m 95.632 ms - -[0m
[0mGET /api/bookings [36m304[0m 108.547 ms - -[0m
[0mGET /api/auth/users/count [36m304[0m 66.147 ms - -[0m
[0mGET /api/workshops [36m304[0m 100.502 ms - -[0m
[0mGET /api/bookings [36m304[0m 112.580 ms - -[0m
[0mGET /api/bookings/mybookings [36m304[0m 105.924 ms - -[0m
[0mGET /api/bookings/mybookings [36m304[0m 100.231 ms - -[0m
[0mGET /api/workshops [36m304[0m 155.344 ms - -[0m
[0mGET /api/auth/users/count [36m304[0m 168.779 ms - -[0m
[0mGET /api/bookings [36m304[0m 182.252 ms - -[0m
[0mGET /api/bookings/mybookings [36m304[0m 95.041 ms - -[0m
[0mGET /api/workshops [36m304[0m 75.035 ms - -[0m
[0mGET /api/auth/users/count [36m304[0m 66.649 ms - -[0m
[0mGET /api/bookings [36m304[0m 176.842 ms - -[0m
[0mGET /api/bookings/mybookings [36m304[0m 109.581 ms - -[0m
[0mGET /api/auth/users/count [36m304[0m 183.785 ms - -[0m
[0mGET /api/workshops [36m304[0m 129.763 ms - -[0m
[0mGET /api/bookings [36m304[0m 156.816 ms - -[0m
[0mGET /api/workshops [36m304[0m 61.819 ms - -[0m
[0mGET /api/auth/users/count [36m304[0m 65.723 ms - -[0m
[0mGET /api/bookings/mybookings [36m304[0m 93.528 ms - -[0m
[0mGET /api/bookings [36m304[0m 105.449 ms - -[0m
[0mGET /api/bookings/mybookings [36m304[0m 104.474 ms - -[0m
[0mPOST /api/upload/avatar [32m200[0m 2772.097 ms - 108[0m
[0mPUT /api/auth/profile [32m200[0m 184.460 ms - 220[0m
[0mGET /api/workshops [36m304[0m 220.124 ms - -[0m
[0mGET /api/workshops [36m304[0m 102.281 ms - -[0m
[0mGET /api/workshops [36m304[0m 103.495 ms - -[0m
[0mGET /api/workshops [36m304[0m 87.737 ms - -[0m
[0mGET /api/auth/users/count [36m304[0m 66.090 ms - -[0m
[0mGET /api/workshops [36m304[0m 84.154 ms - -[0m
[0mGET /api/bookings [36m304[0m 101.752 ms - -[0m
[0mGET /api/auth/users/count [36m304[0m 162.982 ms - -[0m
[0mGET /api/workshops [36m304[0m 159.838 ms - -[0m
[0mGET /api/bookings [36m304[0m 165.229 ms - -[0m
[0mGET /api/bookings/mybookings [36m304[0m 186.235 ms - -[0m
[0mGET /api/bookings/mybookings [36m304[0m 95.758 ms - -[0m
[0mGET /api/workshops [36m304[0m 66.184 ms - -[0m
[0mGET /api/auth/users/count [36m304[0m 66.825 ms - -[0m
[0mGET /api/bookings [36m304[0m 114.525 ms - -[0m
[0mGET /api/workshops [36m304[0m 75.653 ms - -[0m
[0mGET /api/auth/users/count [36m304[0m 75.483 ms - -[0m
[0mGET /api/bookings/mybookings [36m304[0m 103.316 ms - -[0m
[0mGET /api/bookings [36m304[0m 112.188 ms - -[0m
[0mGET /api/bookings/mybookings [36m304[0m 185.888 ms - -[0m
[0mGET /api/workshops [36m304[0m 66.767 ms - -[0m
[0mGET /api/auth/users/count [36m304[0m 75.763 ms - -[0m
[0mGET /api/bookings [36m304[0m 107.669 ms - -[0m
[0mGET /api/workshops [36m304[0m 81.694 ms - -[0m
[0mGET /api/auth/users/count [36m304[0m 80.215 ms - -[0m
[0mGET /api/bookings [36m304[0m 103.950 ms - -[0m
[0mGET /api/bookings/mybookings [36m304[0m 203.626 ms - -[0m
[0mGET /api/bookings/mybookings [36m304[0m 155.861 ms - -[0m
[0mGET /api/workshops [36m304[0m 91.721 ms - -[0m
[0mGET /api/auth/users/count [36m304[0m 82.847 ms - -[0m
[0mGET /api/bookings [36m304[0m 139.173 ms - -[0m
[0mGET /api/workshops [36m304[0m 70.113 ms - -[0m
[0mGET /api/auth/users/count [36m304[0m 145.557 ms - -[0m
[0mGET /api/bookings/mybookings [36m304[0m 165.616 ms - -[0m
[0mGET /api/bookings [36m304[0m 176.758 ms - -[0m
[0mGET /api/bookings/mybookings [36m304[0m 183.525 ms - -[0m
[0mGET /api/auth/users/count [36m304[0m 62.314 ms - -[0m
[0mGET /api/workshops [36m304[0m 73.903 ms - -[0m
[0mGET /api/bookings [36m304[0m 96.062 ms - -[0m
[0mGET /api/bookings/mybookings [36m304[0m 97.784 ms - -[0m
[0mGET /api/workshops [36m304[0m 79.877 ms - -[0m
[0mGET /api/auth/users/count [36m304[0m 69.098 ms - -[0m
[0mGET /api/bookings [36m304[0m 115.834 ms - -[0m
[0mGET /api/bookings/mybookings [36m304[0m 92.531 ms - -[0m
[0mGET /api/workshops [36m304[0m 870.331 ms - -[0m
[0mGET /api/auth/users/count [36m304[0m 1347.966 ms - -[0m
[0mGET /api/bookings [36m304[0m 1430.003 ms - -[0m
[0mGET /api/bookings/mybookings [36m304[0m 207.531 ms - -[0m
[0mGET /api/workshops [36m304[0m 970.304 ms - -[0m
[0mGET /api/bookings [36m304[0m 1061.149 ms - -[0m
[0mGET /api/auth/users/count [36m304[0m 1441.780 ms - -[0m
[0mGET /api/bookings/mybookings [36m304[0m 223.215 ms - -[0m
[0mGET /api/workshops [36m304[0m 897.168 ms - -[0m
[0mGET /api/auth/users/count [36m304[0m 878.704 ms - -[0m
[0mGET /api/workshops [36m304[0m 177.146 ms - -[0m
[0mGET /api/auth/users/count [36m304[0m 173.728 ms - -[0m
[0mGET /api/bookings [36m304[0m 1479.582 ms - -[0m
[0mGET /api/bookings [36m304[0m 283.185 ms - -[0m
[0mGET /api/bookings/mybookings [36m304[0m 318.784 ms - -[0m
[0mGET /api/bookings/mybookings [36m304[0m 171.569 ms - -[0m
[0mGET /api/workshops [36m304[0m 199.738 ms - -[0m
[0mGET /api/auth/users/count [36m304[0m 192.867 ms - -[0m
[0mGET /api/bookings [36m304[0m 293.968 ms - -[0m
[0mGET /api/bookings/mybookings [36m304[0m 254.581 ms - -[0m
[0mGET /api/workshops [36m304[0m 242.011 ms - -[0m
[0mGET /api/workshops [36m304[0m 130.827 ms - -[0m
[0mGET /api/workshops [36m304[0m 138.060 ms - -[0m
[0mGET /api/workshops [36m304[0m 206.264 ms - -[0m
[0mGET /api/auth/users/count [36m304[0m 178.340 ms - -[0m
[0mGET /api/workshops [36m304[0m 214.666 ms - -[0m
[0mGET /api/auth/users/count [36m304[0m 125.396 ms - -[0m
[0mGET /api/workshops [36m304[0m 157.088 ms - -[0m
[0mGET /api/bookings [36m304[0m 3682.051 ms - -[0m
[0mGET /api/bookings [36m304[0m 297.011 ms - -[0m
[0mGET /api/bookings/mybookings [36m304[0m 307.843 ms - -[0m
[0mGET /api/bookings/mybookings [36m304[0m 350.389 ms - -[0m
[0mGET /api/auth/users/count [36m304[0m 1048.919 ms - -[0m
[0mGET /api/workshops [36m304[0m 1148.135 ms - -[0m
[0mGET /api/bookings [36m304[0m 1167.302 ms - -[0m
[0mGET /api/bookings/mybookings [36m304[0m 257.892 ms - -[0m
[0mGET /api/workshops [36m304[0m 209.949 ms - -[0m
[0mGET /api/auth/users/count [36m304[0m 213.405 ms - -[0m
[0mGET /api/bookings [36m304[0m 293.666 ms - -[0m
[0mGET /api/bookings/mybookings [36m304[0m 343.173 ms - -[0m
[0mGET /api/auth/users/count [36m304[0m 175.566 ms - -[0m
[0mGET /api/workshops [36m304[0m 183.696 ms - -[0m
[0mGET /api/bookings [36m304[0m 241.852 ms - -[0m
[0mGET /api/bookings/mybookings [36m304[0m 320.498 ms - -[0m
[0mGET /api/workshops [36m304[0m 158.981 ms - -[0m
[0mGET /api/auth/users/count [36m304[0m 132.167 ms - -[0m
[0mGET /api/bookings [36m304[0m 255.238 ms - -[0m
[0mGET /api/bookings/mybookings [36m304[0m 234.061 ms - -[0m
[0mDELETE /api/workshops/69c355511e8bda9d08025cdf [32m200[0m 273.653 ms - 30[0m
[0mGET /api/workshops [32m200[0m 221.589 ms - 1597[0m
[0mGET /api/workshops [36m304[0m 174.955 ms - -[0m
[0mGET /api/workshops [36m304[0m 201.677 ms - -[0m
[0mGET /api/workshops [36m304[0m 147.201 ms - -[0m
[0mGET /api/auth/users/count [36m304[0m 145.403 ms - -[0m
[0mGET /api/workshops [36m304[0m 159.444 ms - -[0m
[0mGET /api/bookings [36m304[0m 269.043 ms - -[0m
[0mGET /api/auth/users/count [36m304[0m 160.260 ms - -[0m
[0mGET /api/workshops [36m304[0m 194.281 ms - -[0m
[0mGET /api/bookings/mybookings [36m304[0m 273.731 ms - -[0m
[0mGET /api/bookings [36m304[0m 279.403 ms - -[0m
[0mGET /api/bookings/mybookings [36m304[0m 243.404 ms - -[0m
[0mGET /api/workshops [36m304[0m 202.115 ms - -[0m
[0mGET /api/auth/users/count [36m304[0m 229.212 ms - -[0m
[0mGET /api/bookings [36m304[0m 282.914 ms - -[0m
[0mGET /api/bookings/mybookings [36m304[0m 320.695 ms - -[0m
[0mGET /api/workshops [36m304[0m 813.694 ms - -[0m
[0mGET /api/workshops [36m304[0m 241.973 ms - -[0m
[0mGET /api/workshops [36m304[0m 173.456 ms - -[0m
[0mGET /api/workshops [36m304[0m 156.386 ms - -[0m
[0mGET /api/workshops [36m304[0m 161.524 ms - -[0m
[0mGET /api/workshops [36m304[0m 179.231 ms - -[0m
[0mGET /api/auth/users/count [36m304[0m 746.042 ms - -[0m
[0mGET /api/bookings [36m304[0m 840.612 ms - -[0m
[0mGET /api/auth/users/count [36m304[0m 160.022 ms - -[0m
[0mGET /api/bookings [36m304[0m 234.613 ms - -[0m
[0mGET /api/bookings/mybookings [36m304[0m 264.476 ms - -[0m
[0mGET /api/bookings/mybookings [36m304[0m 248.155 ms - -[0m
[0mGET /api/workshops [36m304[0m 169.509 ms - -[0m
[0mGET /api/auth/users/count [36m304[0m 154.785 ms - -[0m
[0mGET /api/bookings [36m304[0m 323.815 ms - -[0m
[0mGET /api/workshops [36m304[0m 267.065 ms - -[0m
[0mGET /api/bookings/mybookings [36m304[0m 257.336 ms - -[0m
[0mGET /api/bookings [36m304[0m 266.862 ms - -[0m
[0mGET /api/auth/users/count [36m304[0m 887.434 ms - -[0m
[0mGET /api/bookings/mybookings [36m304[0m 308.623 ms - -[0m
[0mGET /api/workshops [36m304[0m 230.931 ms - -[0m
[0mGET /api/auth/users/count [36m304[0m 221.757 ms - -[0m
[0mGET /api/bookings [36m304[0m 285.654 ms - -[0m
[0mGET /api/bookings/mybookings [36m304[0m 259.226 ms - -[0m
[0mPOST /api/upload [32m200[0m 2809.075 ms - 112[0m
[0mPOST /api/workshops [32m201[0m 216.020 ms - 440[0m
[0mGET /api/workshops [32m200[0m 223.999 ms - 2067[0m
[0mGET /api/workshops [36m304[0m 223.419 ms - -[0m
[0mGET /api/workshops [36m304[0m 176.878 ms - -[0m
[0mGET /api/workshops [36m304[0m 201.257 ms - -[0m
[0mGET /api/auth/google [36m302[0m 20.612 ms - 0[0m
[0mGET /api/auth/google/callback?iss=https%3A%2F%2Faccounts.google.com&code=4%2F0Aci98E-W51haj6HypeGKaIAsl6iMFvrrmaSkGsihUFFufiJNaJzgpBAmGWHOOL9lDRUw7Q&scope=email+profile+https%3A%2F%2Fwww.googleapis.com%2Fauth%2Fuserinfo.profile+https%3A%2F%2Fwww.googleapis.com%2Fauth%2Fuserinfo.email+openid&authuser=5&prompt=consent [36m302[0m 1591.596 ms - 234[0m
[0mGET /api/auth/profile [32m200[0m 187.870 ms - 218[0m
[0mGET /api/auth/profile [36m304[0m 155.681 ms - -[0m
[0mGET /api/workshops [36m304[0m 617.827 ms - -[0m
[0mGET /api/workshops [36m304[0m 197.949 ms - -[0m
[0mGET /api/workshops [36m304[0m 156.420 ms - -[0m
[0mGET /api/workshops [36m304[0m 118.647 ms - -[0m
[0mGET /api/bookings/mybookings [32m200[0m 107.505 ms - 2[0m
[0mGET /api/bookings/mybookings [36m304[0m 133.548 ms - -[0m
[0mGET /api/workshops [36m304[0m 162.136 ms - -[0m
[0mGET /api/workshops [36m304[0m 129.417 ms - -[0m
[0mGET /api/workshops [36m304[0m 147.646 ms - -[0m
[0mGET /api/workshops [36m304[0m 127.773 ms - -[0m
[0mGET /api/workshops [36m304[0m 155.978 ms - -[0m
[0mGET /api/workshops [36m304[0m 141.932 ms - -[0m
[0mGET /api/workshops [36m304[0m 161.129 ms - -[0m
[0mGET /api/workshops [36m304[0m 139.134 ms - -[0m
[0mGET /api/workshops [36m304[0m 187.751 ms - -[0m
[0mGET /api/workshops [36m304[0m 131.201 ms - -[0m
[0mGET /api/workshops [36m304[0m 119.099 ms - -[0m
[0mGET /api/workshops [36m304[0m 128.997 ms - -[0m
[0mGET /api/workshops [36m304[0m 178.713 ms - -[0m
[0mGET /api/workshops [36m304[0m 118.484 ms - -[0m
[0mGET /api/workshops [36m304[0m 140.050 ms - -[0m
[0mGET /api/workshops [36m304[0m 119.749 ms - -[0m
[0mGET /api/auth/google [36m302[0m 4.311 ms - 0[0m
[0mGET /api/auth/google/callback?iss=https%3A%2F%2Faccounts.google.com&code=4%2F0Aci98E-W8XlxMfz8LCBDoUvGQlc7Im6Xtab0xZO4RbNyZ3kw60GCzq7n1vOaUM_yDzlpCA&scope=email+profile+https%3A%2F%2Fwww.googleapis.com%2Fauth%2Fuserinfo.profile+https%3A%2F%2Fwww.googleapis.com%2Fauth%2Fuserinfo.email+openid&authuser=0&prompt=consent [36m302[0m 695.570 ms - 234[0m
[0mGET /api/auth/profile [32m200[0m 220.911 ms - 220[0m
[0mGET /api/auth/profile [36m304[0m 118.810 ms - -[0m
[0mGET /api/workshops [36m304[0m 160.964 ms - -[0m
[0mGET /api/workshops [36m304[0m 136.853 ms - -[0m
[0mGET /api/workshops [36m304[0m 193.061 ms - -[0m
[0mGET /api/workshops [36m304[0m 140.695 ms - -[0m
[0mGET /api/workshops [36m304[0m 145.934 ms - -[0m
[0mGET /api/workshops [36m304[0m 208.998 ms - -[0m
[0mGET /api/bookings [36m304[0m 812.664 ms - -[0m
[0mGET /api/auth/users/count [36m304[0m 809.833 ms - -[0m
[0mGET /api/auth/users/count [36m304[0m 142.566 ms - -[0m
[0mGET /api/bookings/mybookings [32m200[0m 194.860 ms - 230[0m
[0mGET /api/bookings [36m304[0m 209.903 ms - -[0m
[0mGET /api/bookings/mybookings [36m304[0m 209.750 ms - -[0m
[0mDELETE /api/workshops/69c35fdf1e8bda9d08025d4e [32m200[0m 281.826 ms - 30[0m
[0mPOST /api/upload [32m200[0m 3693.222 ms - 112[0m
[0mPOST /api/workshops [32m201[0m 224.883 ms - 427[0m
[0mPOST /api/upload [32m200[0m 4825.167 ms - 112[0m
[0mPUT /api/workshops/69cb5fd2cd442ff808ef2f19 [32m200[0m 202.161 ms - 427[0m
[0mGET /api/workshops [32m200[0m 171.720 ms - 1878[0m
[0mGET /api/auth/users/count [36m304[0m 166.044 ms - -[0m
[0mGET /api/bookings [36m304[0m 321.125 ms - -[0m
[0mGET /api/bookings/mybookings [36m304[0m 246.615 ms - -[0m
[0mPOST /api/bookings/manual [32m201[0m 335.175 ms - 252[0m
[0mGET /api/auth/users/count [36m304[0m 207.419 ms - -[0m
[0mGET /api/workshops [32m200[0m 219.139 ms - 1878[0m
[0mGET /api/bookings [32m200[0m 278.624 ms - 677[0m
[0mGET /api/bookings/mybookings [32m200[0m 180.046 ms - 884[0m
[0mGET /api/auth/google [36m302[0m 1.631 ms - 0[0m
[0mGET /api/auth/google/callback?iss=https%3A%2F%2Faccounts.google.com&code=4%2F0Aci98E9Gcw5N92EeIvH-LG0vd87TJUJEAj1uku0O-hjeNQoenx9q6fSBGIsPcSKHPqxzEQ&scope=email+profile+https%3A%2F%2Fwww.googleapis.com%2Fauth%2Fuserinfo.profile+https%3A%2F%2Fwww.googleapis.com%2Fauth%2Fuserinfo.email+openid&authuser=5&prompt=consent [36m302[0m 745.989 ms - 234[0m
[0mGET /api/auth/profile [32m200[0m 172.135 ms - 218[0m
[0mGET /api/auth/profile [36m304[0m 205.198 ms - -[0m
[0mGET /api/workshops [36m304[0m 203.737 ms - -[0m
[0mGET /api/workshops [36m304[0m 172.162 ms - -[0m
[0mGET /api/workshops [36m304[0m 205.851 ms - -[0m
[0mGET /api/workshops [36m304[0m 121.716 ms - -[0m
[0mGET /api/workshops/69cb5fd2cd442ff808ef2f19 [32m200[0m 202.661 ms - 456[0m
[0mGET /api/workshops/69cb5fd2cd442ff808ef2f19 [36m304[0m 120.895 ms - -[0m
[0mPOST /api/payments/order [32m200[0m 532.615 ms - 228[0m
[0mPOST /api/payments/verify [32m200[0m 296.444 ms - 43[0m
[0mPOST /api/bookings [32m201[0m 300.449 ms - 250[0m
[0mGET /api/bookings/mybookings [32m200[0m 257.716 ms - 653[0m
[0mGET /api/bookings/mybookings [36m304[0m 187.552 ms - -[0m
[0mGET /api/bookings/mybookings [36m304[0m 211.903 ms - -[0m
[0mGET /api/bookings/mybookings [36m304[0m 203.802 ms - -[0m
[0mGET /api/auth/google [36m302[0m 1.563 ms - 0[0m
[0mGET /api/auth/google/callback?iss=https%3A%2F%2Faccounts.google.com&code=4%2F0Aci98E_QkzRYACMVO0j61FDt5M3HIIgQBD86qFGwuDrDt2wQ_WoPGoeKHI-vUl2-AYgeMg&scope=email+profile+https%3A%2F%2Fwww.googleapis.com%2Fauth%2Fuserinfo.profile+https%3A%2F%2Fwww.googleapis.com%2Fauth%2Fuserinfo.email+openid&authuser=0&prompt=consent [36m302[0m 690.361 ms - 234[0m
[0mGET /api/auth/profile [32m200[0m 210.704 ms - 220[0m
[0mGET /api/auth/profile [36m304[0m 126.768 ms - -[0m
[0mGET /api/workshops [32m200[0m 123.042 ms - 1878[0m
[0mGET /api/workshops [36m304[0m 189.152 ms - -[0m
[0mGET /api/workshops [36m304[0m 142.857 ms - -[0m
[0mGET /api/workshops [36m304[0m 183.810 ms - -[0m
[0mGET /api/workshops [36m304[0m 137.930 ms - -[0m
[0mGET /api/auth/users/count [36m304[0m 143.154 ms - -[0m
[0mGET /api/bookings [32m200[0m 202.500 ms - 1058[0m
[0mGET /api/workshops [36m304[0m 135.690 ms - -[0m
[0mGET /api/auth/users/count [36m304[0m 132.562 ms - -[0m
[0mGET /api/bookings/mybookings [32m200[0m 269.705 ms - 884[0m
[0mGET /api/bookings [36m304[0m 298.910 ms - -[0m
[0mGET /api/bookings/mybookings [36m304[0m 197.745 ms - -[0m
[0mGET /api/workshops [36m304[0m 147.138 ms - -[0m
[0mGET /api/workshops [36m304[0m 132.987 ms - -[0m
[0mGET /api/workshops [36m304[0m 171.248 ms - -[0m
[0mGET /api/workshops [36m304[0m 124.462 ms - -[0m
[0mGET /api/auth/users/count [36m304[0m 170.147 ms - -[0m
[0mGET /api/workshops [36m304[0m 181.835 ms - -[0m
[0mGET /api/bookings [36m304[0m 295.718 ms - -[0m
[0mGET /api/workshops [36m304[0m 145.619 ms - -[0m
[0mGET /api/auth/users/count [36m304[0m 156.929 ms - -[0m
[0mGET /api/bookings/mybookings [36m304[0m 213.991 ms - -[0m
[0mGET /api/bookings [36m304[0m 285.999 ms - -[0m
[0mGET /api/bookings/mybookings [36m304[0m 264.041 ms - -[0m
[0mPOST /api/bookings/manual [32m201[0m 400.232 ms - 252[0m
[0mGET /api/auth/users/count [36m304[0m 118.927 ms - -[0m
[0mGET /api/workshops [32m200[0m 143.723 ms - 1878[0m
[0mGET /api/bookings [32m200[0m 198.365 ms - 1442[0m
[0mGET /api/bookings/mybookings [32m200[0m 203.903 ms - 1538[0m
[0mGET /api/workshops [36m304[0m 237.374 ms - -[0m
[0mGET /api/workshops [36m304[0m 214.355 ms - -[0m
[0mGET /api/workshops [36m304[0m 169.175 ms - -[0m
[0mGET /api/workshops [36m304[0m 130.495 ms - -[0m
[0mGET /api/auth/users/count [36m304[0m 125.418 ms - -[0m
[0mGET /api/workshops [36m304[0m 140.140 ms - -[0m
[0mGET /api/bookings [36m304[0m 269.766 ms - -[0m
[0mGET /api/workshops [36m304[0m 207.755 ms - -[0m
[0mGET /api/auth/users/count [36m304[0m 215.568 ms - -[0m
[0mGET /api/bookings [36m304[0m 194.587 ms - -[0m
[0mGET /api/bookings/mybookings [36m304[0m 196.005 ms - -[0m
[0mGET /api/bookings/mybookings [36m304[0m 178.763 ms - -[0m
[0mGET /api/workshops [36m304[0m 213.052 ms - -[0m
[0mGET /api/workshops [36m304[0m 118.383 ms - -[0m
[0mGET /api/workshops [36m304[0m 119.693 ms - -[0m
[0mGET /api/workshops [36m304[0m 230.830 ms - -[0m
[0mGET /api/workshops [36m304[0m 191.586 ms - -[0m
[0mGET /api/auth/users/count [36m304[0m 176.449 ms - -[0m
[0mGET /api/bookings [36m304[0m 313.635 ms - -[0m
[0mGET /api/workshops [36m304[0m 197.640 ms - -[0m
[0mGET /api/auth/users/count [36m304[0m 196.774 ms - -[0m
[0mGET /api/bookings [36m304[0m 230.414 ms - -[0m
[0mGET /api/bookings/mybookings [36m304[0m 225.342 ms - -[0m
[0mGET /api/bookings/mybookings [36m304[0m 280.539 ms - -[0m
[0mGET /api/auth/users/count [36m304[0m 196.768 ms - -[0m
[0mGET /api/workshops [36m304[0m 208.370 ms - -[0m
[0mGET /api/bookings [36m304[0m 278.820 ms - -[0m
[0mGET /api/auth/users/count [36m304[0m 135.330 ms - -[0m
[0mGET /api/workshops [36m304[0m 192.322 ms - -[0m
[0mGET /api/bookings/mybookings [36m304[0m 300.293 ms - -[0m
[0mGET /api/bookings [36m304[0m 308.726 ms - -[0m
[0mGET /api/bookings/mybookings [36m304[0m 226.329 ms - -[0m
[0mGET /api/workshops [36m304[0m 197.803 ms - -[0m
[0mGET /api/auth/users/count [36m304[0m 194.225 ms - -[0m
[0mGET /api/bookings [36m304[0m 266.214 ms - -[0m
[0mGET /api/auth/users/count [36m304[0m 117.692 ms - -[0m
[0mGET /api/workshops [36m304[0m 135.892 ms - -[0m
[0mGET /api/bookings/mybookings [36m304[0m 182.992 ms - -[0m
[0mGET /api/bookings [36m304[0m 217.119 ms - -[0m
[0mGET /api/bookings/mybookings [36m304[0m 222.258 ms - -[0m
[0mGET /api/workshops [36m304[0m 242.446 ms - -[0m
[0mGET /api/workshops [36m304[0m 153.701 ms - -[0m
[0mGET /api/workshops [36m304[0m 141.111 ms - -[0m
[0mGET /api/workshops [36m304[0m 218.187 ms - -[0m
[0mGET /api/auth/google [36m302[0m 6.500 ms - 0[0m
[0mGET /api/auth/google/callback?iss=https%3A%2F%2Faccounts.google.com&code=4%2F0Aci98E9w9Wk-k745tpGWLersJ5s9GVX-k-Z0ep_a0UA4AatUYRUIyyAQdV0WzrhjSi_W8A&scope=email+profile+https%3A%2F%2Fwww.googleapis.com%2Fauth%2Fuserinfo.profile+https%3A%2F%2Fwww.googleapis.com%2Fauth%2Fuserinfo.email+openid&authuser=5&prompt=consent [36m302[0m 765.807 ms - 234[0m
[0mGET /api/auth/profile [32m200[0m 137.506 ms - 218[0m
[0mGET /api/auth/profile [36m304[0m 135.094 ms - -[0m
[0mGET /api/workshops [36m304[0m 148.027 ms - -[0m
[0mGET /api/workshops [36m304[0m 187.918 ms - -[0m
[0mGET /api/workshops [36m304[0m 146.989 ms - -[0m
[0mGET /api/workshops [36m304[0m 138.676 ms - -[0m
[0mGET /api/bookings/mybookings [32m200[0m 864.717 ms - 653[0m
[0mGET /api/bookings/mybookings [36m304[0m 234.903 ms - -[0m
[0mGET /api/bookings/mybookings [36m304[0m 202.972 ms - -[0m
[0mGET /api/bookings/mybookings [36m304[0m 124.983 ms - -[0m
[0mGET /api/bookings/mybookings [36m304[0m 258.172 ms - -[0m
[0mGET /api/bookings/mybookings [36m304[0m 127.359 ms - -[0m
[0mGET /api/bookings/mybookings [36m304[0m 170.598 ms - -[0m
[0mGET /api/bookings/mybookings [36m304[0m 220.724 ms - -[0m
[0mGET /api/bookings/mybookings [36m304[0m 144.142 ms - -[0m
[0mGET /api/bookings/mybookings [36m304[0m 243.908 ms - -[0m
[0mGET /api/bookings/mybookings [36m304[0m 225.702 ms - -[0m
[0mGET /api/bookings/mybookings [36m304[0m 286.553 ms - -[0m
[0mGET /api/bookings/mybookings [36m304[0m 376.313 ms - -[0m
[0mGET /api/bookings/mybookings [36m304[0m 2075.129 ms - -[0m
[0mGET /api/workshops [32m200[0m 606.926 ms - 1884[0m
[0mGET /api/workshops [36m304[0m 250.104 ms - -[0m
[0mGET /api/workshops [36m304[0m 172.173 ms - -[0m
[0mGET /api/workshops [36m304[0m 746.182 ms - -[0m
[0mGET /api/bookings/mybookings [32m200[0m 182.193 ms - 656[0m
[0mGET /api/bookings/mybookings [36m304[0m 106.810 ms - -[0m
[0mGET /api/auth/google [36m302[0m 8.335 ms - 0[0m
[0mGET /api/auth/google/callback?iss=https%3A%2F%2Faccounts.google.com&code=4%2F0Aci98E8vm2Cg9r6h8CHx0v5BmxK8GsCyZZAGIz1dCL8evPCzcJI0MTC57K_C5v2fy7onOA&scope=email+profile+https%3A%2F%2Fwww.googleapis.com%2Fauth%2Fuserinfo.profile+https%3A%2F%2Fwww.googleapis.com%2Fauth%2Fuserinfo.email+openid&authuser=0&prompt=consent [36m302[0m 535.757 ms - 234[0m
[0mGET /api/auth/profile [32m200[0m 71.063 ms - 220[0m
[0mGET /api/auth/profile [36m304[0m 70.440 ms - -[0m
[0mGET /api/workshops [36m304[0m 86.397 ms - -[0m
[0mGET /api/workshops [36m304[0m 81.250 ms - -[0m
[0mGET /api/workshops [36m304[0m 157.489 ms - -[0m
[0mGET /api/workshops [36m304[0m 237.465 ms - -[0m
[0mGET /api/bookings/mybookings [32m200[0m 168.666 ms - 1544[0m
[0mGET /api/bookings/mybookings [36m304[0m 141.214 ms - -[0m
[0mGET /api/workshops [36m304[0m 102.526 ms - -[0m
[0mGET /api/workshops [36m304[0m 71.264 ms - -[0m
[0mGET /api/workshops [36m304[0m 118.731 ms - -[0m
[0mGET /api/workshops [36m304[0m 83.527 ms - -[0m
[0mGET /api/workshops [36m304[0m 92.767 ms - -[0m
[0mGET /api/workshops [36m304[0m 68.319 ms - -[0m
[0mGET /api/workshops [36m304[0m 63.202 ms - -[0m
[0mGET /api/workshops [36m304[0m 65.318 ms - -[0m
[0mGET /api/bookings/mybookings [36m304[0m 116.690 ms - -[0m
[0mGET /api/bookings/mybookings [36m304[0m 142.836 ms - -[0m
[0mGET /api/workshops [36m304[0m 97.109 ms - -[0m
[0mGET /api/workshops [36m304[0m 70.365 ms - -[0m
[0mGET /api/auth/users/count [36m304[0m 604.720 ms - -[0m
[0mGET /api/bookings [36m304[0m 608.642 ms - -[0m
[0mGET /api/auth/users/count [36m304[0m 152.498 ms - -[0m
[0mGET /api/bookings/mybookings [36m304[0m 182.236 ms - -[0m
[0mGET /api/bookings [36m304[0m 200.426 ms - -[0m
[0mGET /api/bookings/mybookings [36m304[0m 120.918 ms - -[0m
[0mGET /api/bookings/mybookings [36m304[0m 245.921 ms - -[0m
[0mGET /api/bookings/mybookings [36m304[0m 118.590 ms - -[0m
[0mGET /api/workshops [36m304[0m 80.536 ms - -[0m
[0mGET /api/auth/users/count [36m304[0m 73.949 ms - -[0m
[0mGET /api/bookings [36m304[0m 121.890 ms - -[0m
[0mGET /api/workshops [36m304[0m 152.231 ms - -[0m
[0mGET /api/bookings [36m304[0m 189.900 ms - -[0m
[0mGET /api/bookings/mybookings [36m304[0m 196.580 ms - -[0m
[0mGET /api/auth/users/count [36m304[0m 419.781 ms - -[0m
[0mGET /api/bookings/mybookings [36m304[0m 120.775 ms - -[0m
[0mGET /api/workshops [36m304[0m 163.864 ms - -[0m
[0mGET /api/workshops [36m304[0m 111.605 ms - -[0m
[0mGET /api/workshops [36m304[0m 147.429 ms - -[0m
[0mGET /api/workshops [36m304[0m 82.520 ms - -[0m
[0mGET /api/auth/users/count [36m304[0m 138.511 ms - -[0m
[0mGET /api/workshops [36m304[0m 161.765 ms - -[0m
[0mGET /api/bookings [36m304[0m 207.547 ms - -[0m
[0mGET /api/auth/users/count [36m304[0m 94.811 ms - -[0m
[0mGET /api/workshops [36m304[0m 110.203 ms - -[0m
[0mGET /api/bookings/mybookings [36m304[0m 104.669 ms - -[0m
[0mGET /api/bookings [36m304[0m 116.271 ms - -[0m
[0mGET /api/bookings/mybookings [36m304[0m 172.873 ms - -[0m
[0mGET /api/workshops [36m304[0m 184.872 ms - -[0m
[0mGET /api/workshops [36m304[0m 151.457 ms - -[0m
[0mGET /api/workshops [36m304[0m 75.462 ms - -[0m
[0mGET /api/workshops [36m304[0m 73.940 ms - -[0m
[0mGET /api/workshops [36m304[0m 142.735 ms - -[0m
[0mGET /api/auth/users/count [36m304[0m 154.107 ms - -[0m
[0mGET /api/bookings [36m304[0m 222.310 ms - -[0m
[0mGET /api/workshops [36m304[0m 97.745 ms - -[0m
[0mGET /api/auth/users/count [36m304[0m 107.419 ms - -[0m
[0mGET /api/bookings [36m304[0m 110.539 ms - -[0m
[0mGET /api/bookings/mybookings [36m304[0m 112.655 ms - -[0m
[0mGET /api/bookings/mybookings [36m304[0m 121.003 ms - -[0m
[0mGET /api/workshops [36m304[0m 93.402 ms - -[0m
[0mGET /api/workshops [36m304[0m 161.429 ms - -[0m
[0mGET /api/workshops [36m304[0m 79.483 ms - -[0m
[0mGET /api/workshops [36m304[0m 72.001 ms - -[0m
[0mGET /api/workshops [36m304[0m 214.417 ms - -[0m
[0mGET /api/workshops [36m304[0m 85.866 ms - -[0m
[0mGET /api/workshops [36m304[0m 172.551 ms - -[0m
[0mGET /api/workshops [36m304[0m 73.865 ms - -[0m
[0mGET /api/workshops [36m304[0m 756.144 ms - -[0m
[0mGET /api/workshops [36m304[0m 66.083 ms - -[0m
[0mGET /api/workshops [36m304[0m 70.171 ms - -[0m
[0mGET /api/workshops [36m304[0m 134.275 ms - -[0m
[0mGET /api/workshops [36m304[0m 248.412 ms - -[0m
[0mGET /api/workshops [36m304[0m 73.781 ms - -[0m
[0mGET /api/workshops [36m304[0m 160.807 ms - -[0m
[0mGET /api/workshops [36m304[0m 76.629 ms - -[0m
[0mGET /api/bookings/mybookings [36m304[0m 238.932 ms - -[0m
[0mGET /api/bookings/mybookings [36m304[0m 105.963 ms - -[0m
[0mGET /api/workshops [36m304[0m 91.415 ms - -[0m
[0mGET /api/workshops [36m304[0m 80.737 ms - -[0m
[0mGET /api/workshops [36m304[0m 81.570 ms - -[0m
[0mGET /api/workshops [36m304[0m 72.613 ms - -[0m
[0mGET /api/bookings/mybookings [36m304[0m 121.585 ms - -[0m
[0mGET /api/bookings/mybookings [36m304[0m 102.885 ms - -[0m
[0mGET /api/workshops [36m304[0m 74.182 ms - -[0m
[0mGET /api/workshops [36m304[0m 78.261 ms - -[0m
[0mGET /api/workshops [36m304[0m 64.033 ms - -[0m
[0mGET /api/workshops [36m304[0m 68.227 ms - -[0m
[0mGET /api/workshops [36m304[0m 117.209 ms - -[0m
[0mGET /api/workshops [36m304[0m 67.571 ms - -[0m
[0mGET /api/workshops [36m304[0m 177.032 ms - -[0m
[0mGET /api/workshops [36m304[0m 66.586 ms - -[0m
[0mGET /api/workshops [36m304[0m 314.584 ms - -[0m
[0mGET /api/workshops [36m304[0m 93.659 ms - -[0m
[0mGET /api/workshops [36m304[0m 76.329 ms - -[0m
[0mGET /api/workshops [36m304[0m 68.572 ms - -[0m
[0mGET /api/workshops [36m304[0m 366.993 ms - -[0m
[0mGET /api/workshops [36m304[0m 88.280 ms - -[0m
[0mGET /api/workshops [36m304[0m 159.707 ms - -[0m
[0mGET /api/workshops [36m304[0m 155.241 ms - -[0m
[0mPOST /api/auth/register [32m201[0m 255.175 ms - 274[0m
[0mGET /api/workshops [36m304[0m 81.611 ms - -[0m
[0mGET /api/workshops [36m304[0m 92.600 ms - -[0m
[0mGET /api/workshops [36m304[0m 68.798 ms - -[0m
[0mGET /api/workshops [36m304[0m 67.881 ms - -[0m
[0mPOST /api/auth/login [32m200[0m 125.282 ms - 274[0m
[0mGET /api/workshops [36m304[0m 140.144 ms - -[0m
[0mGET /api/workshops [36m304[0m 114.705 ms - -[0m
[0mGET /api/workshops [36m304[0m 67.129 ms - -[0m
[0mGET /api/workshops [36m304[0m 70.602 ms - -[0m
[0mGET /api/bookings/mybookings [32m200[0m 83.859 ms - 2[0m
[0mGET /api/bookings/mybookings [36m304[0m 68.896 ms - -[0m
[0mGET /api/workshops [36m304[0m 170.668 ms - -[0m
[0mGET /api/workshops [36m304[0m 71.195 ms - -[0m
[0mGET /api/workshops [36m304[0m 77.071 ms - -[0m
[0mGET /api/workshops [36m304[0m 64.542 ms - -[0m
[0mGET /api/bookings/mybookings [36m304[0m 185.651 ms - -[0m
[0mGET /api/bookings/mybookings [36m304[0m 96.503 ms - -[0m
[0mGET /api/auth/google [36m302[0m 13.465 ms - 0[0m
[0mGET /api/auth/google/callback?iss=https%3A%2F%2Faccounts.google.com&code=4%2F0Aci98E8Wii4IksPrV7j18qidOT8H9h7QqTauAzQ026n36O1TsBspUqhooybSYXPP_0ZS4Q&scope=email+profile+https%3A%2F%2Fwww.googleapis.com%2Fauth%2Fuserinfo.profile+https%3A%2F%2Fwww.googleapis.com%2Fauth%2Fuserinfo.email+openid&authuser=0&prompt=consent [36m302[0m 506.772 ms - 234[0m
[0mGET /api/auth/profile [36m304[0m 74.543 ms - -[0m
[0mGET /api/auth/profile [36m304[0m 120.045 ms - -[0m
[0mGET /api/workshops [36m304[0m 620.118 ms - -[0m
[0mGET /api/workshops [36m304[0m 188.687 ms - -[0m
[0mGET /api/workshops [36m304[0m 80.688 ms - -[0m
[0mGET /api/workshops [36m304[0m 65.437 ms - -[0m
[0mGET /api/bookings/mybookings [32m200[0m 121.718 ms - 1544[0m
[0mGET /api/bookings/mybookings [36m304[0m 120.978 ms - -[0m
[0mGET /api/workshops [36m304[0m 192.727 ms - -[0m
[0mGET /api/workshops [36m304[0m 67.498 ms - -[0m
[0mGET /api/workshops [36m304[0m 63.332 ms - -[0m
[0mGET /api/workshops [36m304[0m 67.434 ms - -[0m
[0mGET /api/workshops [36m304[0m 115.474 ms - -[0m
[0mGET /api/bookings [36m304[0m 164.406 ms - -[0m
[0mGET /api/bookings [36m304[0m 376.550 ms - -[0m
[0mGET /api/auth/users/count [32m200[0m 776.594 ms - 11[0m
[0mGET /api/workshops [36m304[0m 702.332 ms - -[0m
[0mGET /api/auth/users/count [36m304[0m 102.201 ms - -[0m
[0mGET /api/bookings/mybookings [36m304[0m 235.373 ms - -[0m
[0mGET /api/bookings/mybookings [36m304[0m 123.777 ms - -[0m
[0mGET /api/workshops [36m304[0m 260.698 ms - -[0m
[0mGET /api/workshops [36m304[0m 64.212 ms - -[0m
[0mGET /api/workshops [36m304[0m 64.034 ms - -[0m
[0mGET /api/workshops [36m304[0m 92.831 ms - -[0m
[0mPOST /api/auth/login [32m200[0m 172.905 ms - 274[0m
[0mGET /api/workshops [36m304[0m 71.376 ms - -[0m
[0mGET /api/workshops [36m304[0m 85.433 ms - -[0m
[0mGET /api/workshops [36m304[0m 138.222 ms - -[0m
[0mGET /api/workshops [36m304[0m 77.404 ms - -[0m
[0mGET /api/bookings/mybookings [32m200[0m 86.141 ms - 2[0m
[0mGET /api/bookings/mybookings [36m304[0m 75.411 ms - -[0m
[0mGET /api/workshops [36m304[0m 116.729 ms - -[0m
[0mGET /api/workshops [36m304[0m 91.793 ms - -[0m
[0mGET /api/workshops [36m304[0m 65.314 ms - -[0m
[0mGET /api/workshops [36m304[0m 68.073 ms - -[0m
[0mGET /api/auth/google [36m302[0m 20.762 ms - 0[0m
[0mGET /api/auth/google/callback?iss=https%3A%2F%2Faccounts.google.com&code=4%2F0Aci98E9HLtn0tuDMxmR0WbeS_Kpi3GRnh4lN-anZpCvu2GMdIZERcHbC_J33M2IoygjTbQ&scope=email+profile+https%3A%2F%2Fwww.googleapis.com%2Fauth%2Fuserinfo.profile+https%3A%2F%2Fwww.googleapis.com%2Fauth%2Fuserinfo.email+openid&authuser=0&prompt=consent [36m302[0m 605.021 ms - 234[0m
[0mGET /api/auth/profile [36m304[0m 82.300 ms - -[0m
[0mGET /api/auth/profile [36m304[0m 64.245 ms - -[0m
[0mGET /api/workshops [36m304[0m 314.329 ms - -[0m
[0mGET /api/workshops [36m304[0m 117.962 ms - -[0m
[0mGET /api/workshops [36m304[0m 198.513 ms - -[0m
[0mGET /api/workshops [36m304[0m 76.684 ms - -[0m
[0mGET /api/workshops [36m304[0m 297.722 ms - -[0m
[0mGET /api/workshops [36m304[0m 154.791 ms - -[0m
[0mGET /api/workshops [36m304[0m 70.307 ms - -[0m
[0mGET /api/workshops [36m304[0m 156.707 ms - -[0m
[0mGET /api/auth/users/count [36m304[0m 133.161 ms - -[0m
[0mGET /api/workshops [36m304[0m 220.345 ms - -[0m
[0mGET /api/bookings [36m304[0m 204.527 ms - -[0m
[0mGET /api/auth/users/count [36m304[0m 61.856 ms - -[0m
[0mGET /api/workshops [36m304[0m 76.148 ms - -[0m
[0mGET /api/bookings [36m304[0m 93.358 ms - -[0m
[0mGET /api/bookings/mybookings [32m200[0m 96.487 ms - 1544[0m
[0mGET /api/bookings/mybookings [36m304[0m 104.862 ms - -[0m
[0mGET /api/workshops [36m304[0m 192.566 ms - -[0m
[0mGET /api/workshops [36m304[0m 105.189 ms - -[0m
[0mGET /api/workshops [36m304[0m 140.222 ms - -[0m
[0mGET /api/workshops [36m304[0m 106.452 ms - -[0m
[0mGET /api/bookings/mybookings [36m304[0m 223.814 ms - -[0m
[0mGET /api/bookings/mybookings [36m304[0m 96.469 ms - -[0m
[0mGET /api/workshops [36m304[0m 70.869 ms - -[0m
[0mGET /api/auth/users/count [36m304[0m 72.976 ms - -[0m
[0mGET /api/bookings [36m304[0m 107.527 ms - -[0m
[0mGET /api/workshops [36m304[0m 62.989 ms - -[0m
[0mGET /api/auth/users/count [36m304[0m 63.225 ms - -[0m
[0mGET /api/bookings [36m304[0m 146.967 ms - -[0m
[0mGET /api/bookings/mybookings [36m304[0m 148.506 ms - -[0m
[0mGET /api/bookings/mybookings [36m304[0m 189.058 ms - -[0m
[0mGET /api/workshops [36m304[0m 83.433 ms - -[0m
[0mGET /api/workshops [36m304[0m 77.228 ms - -[0m
[0mGET /api/workshops [36m304[0m 154.174 ms - -[0m
[0mGET /api/workshops [36m304[0m 65.956 ms - -[0m
[0mGET /api/auth/users [33m404[0m 11.389 ms - 918[0m
[0mGET /api/auth/users [33m404[0m 0.889 ms - 918[0m
[0mGET /api/workshops [36m304[0m 109.951 ms - -[0m
[0mGET /api/bookings [36m304[0m 125.916 ms - -[0m
[0mGET /api/workshops [36m304[0m 68.550 ms - -[0m
[0mGET /api/bookings [36m304[0m 186.266 ms - -[0m
[0mGET /api/auth/users [33m404[0m 0.929 ms - 918[0m
[0mGET /api/workshops [36m304[0m 76.090 ms - -[0m
[0mGET /api/bookings [36m304[0m 106.063 ms - -[0m
[0mGET /api/auth/users [33m404[0m 3.160 ms - 918[0m
[0mGET /api/workshops [36m304[0m 67.419 ms - -[0m
[0mGET /api/bookings [36m304[0m 103.475 ms - -[0m
[0mGET /api/auth/users [33m404[0m 0.397 ms - 918[0m
[0mGET /api/workshops [36m304[0m 139.560 ms - -[0m
[0mGET /api/bookings [36m304[0m 170.494 ms - -[0m
[0mGET /api/workshops [36m304[0m 64.873 ms - -[0m
[0mGET /api/workshops [36m304[0m 71.107 ms - -[0m
[0mGET /api/workshops [36m304[0m 69.860 ms - -[0m
[0mGET /api/workshops [36m304[0m 125.249 ms - -[0m
[0mGET /api/workshops [36m304[0m 89.457 ms - -[0m
[0mGET /api/workshops [36m304[0m 72.394 ms - -[0m
[0mGET /api/workshops [36m304[0m 77.343 ms - -[0m
[0mGET /api/workshops [36m304[0m 70.262 ms - -[0m
[0mGET /api/auth/users [33m404[0m 0.991 ms - 918[0m
[0mGET /api/auth/users [33m404[0m 0.504 ms - 918[0m
[0mGET /api/workshops [36m304[0m 76.269 ms - -[0m
[0mGET /api/bookings [36m304[0m 190.101 ms - -[0m
[0mGET /api/workshops [36m304[0m 145.175 ms - -[0m
[0mGET /api/bookings [36m304[0m 98.850 ms - -[0m
[0mGET /api/auth/google [36m302[0m 6.085 ms - 0[0m
[0mGET /api/auth/google/callback?iss=https%3A%2F%2Faccounts.google.com&code=4%2F0Aci98E8wvPJ4wdwHZTnXRUD_DNnTb5KrBwSYnRLglHDi5MG_4VsMkpIfVBGzMoOSKPVdxg&scope=email+profile+https%3A%2F%2Fwww.googleapis.com%2Fauth%2Fuserinfo.profile+https%3A%2F%2Fwww.googleapis.com%2Fauth%2Fuserinfo.email+openid&authuser=0&prompt=consent [36m302[0m 493.194 ms - 234[0m
[0mGET /api/auth/profile [36m304[0m 79.069 ms - -[0m
[0mGET /api/auth/profile [36m304[0m 63.012 ms - -[0m
[0mGET /api/workshops [36m304[0m 65.824 ms - -[0m
[0mGET /api/workshops [36m304[0m 66.705 ms - -[0m
[0mGET /api/workshops [36m304[0m 63.356 ms - -[0m
[0mGET /api/workshops [36m304[0m 67.352 ms - -[0m
[0mGET /api/auth/users [33m404[0m 0.869 ms - 918[0m
[0mGET /api/auth/users [33m404[0m 0.139 ms - 918[0m
[0mGET /api/workshops [36m304[0m 65.297 ms - -[0m
[0mGET /api/bookings [36m304[0m 92.203 ms - -[0m
[0mGET /api/workshops [36m304[0m 65.754 ms - -[0m
[0mGET /api/bookings [36m304[0m 155.271 ms - -[0m
[0mGET /api/auth/users [33m404[0m 0.816 ms - 918[0m
[0mGET /api/workshops [36m304[0m 71.838 ms - -[0m
[0mGET /api/bookings [36m304[0m 205.035 ms - -[0m
[0mGET /api/auth/users [33m404[0m 22.305 ms - 918[0m
[0mGET /api/workshops [36m304[0m 130.316 ms - -[0m
[0mGET /api/bookings [36m304[0m 118.098 ms - -[0m
[0mGET /api/workshops [36m304[0m 991.706 ms - -[0m
[0mGET /api/workshops [36m304[0m 180.055 ms - -[0m
[0mGET /api/workshops [36m304[0m 152.191 ms - -[0m
[0mGET /api/workshops [36m304[0m 149.655 ms - -[0m
[0mGET /api/workshops [36m304[0m 1783.118 ms - -[0m
[0mGET /api/workshops [36m304[0m 230.223 ms - -[0m
[0mGET /api/workshops [36m304[0m 224.903 ms - -[0m
[0mGET /api/workshops [36m304[0m 903638.398 ms - -[0m
